2023-04-19T17:16:29+00:00 CRITICAL Uncaught ArgumentCountError: Too few arguments to function plugin_dir_url(), 0 passed in C:\MAMP\htdocs\WP-Labb2-Martin\wp-content\plugins\martinj-news\martinj-news.php on line 9 and exactly 1 expected in C:\MAMP\htdocs\WP-Labb2-Martin\wp-includes\plugin.php:846
Stack trace:
#0 C:\MAMP\htdocs\WP-Labb2-Martin\wp-content\plugins\martinj-news\martinj-news.php(9): plugin_dir_url()
#1 C:\MAMP\htdocs\WP-Labb2-Martin\wp-includes\class-wp-hook.php(308): my_plugin_styles('')
#2 C:\MAMP\htdocs\WP-Labb2-Martin\wp-includes\class-wp-hook.php(332): WP_Hook->apply_filters(NULL, Array)
#3 C:\MAMP\htdocs\WP-Labb2-Martin\wp-includes\plugin.php(517): WP_Hook->do_action(Array)
#4 C:\MAMP\htdocs\WP-Labb2-Martin\wp-includes\script-loader.php(2194): do_action('wp_enqueue_scri...')
#5 C:\MAMP\htdocs\WP-Labb2-Martin\wp-includes\class-wp-hook.php(308): wp_enqueue_scripts('')
#6 C:\MAMP\htdocs\WP-Labb2-Martin\wp-includes\class-wp-hook.php(332): WP_Hook->apply_filters(NULL, Array)
#7 C:\MAMP\htdocs\WP-Labb2-Martin\wp-includes\plugin.php(517): WP_Hook->do_action(Array)
#8 C:\MAMP\htdocs\WP-Labb2-Martin\wp-includes\general-template.php(3049): do_action('wp_head')
#9 C:\MAMP\htdocs\WP-Labb2-Martin\wp-content\themes\storefront\header.php(18): wp_head()
#10 C:\MAMP\htdocs\WP-Labb2-Martin\wp-includes\template.php(783): require_once('C:\\MAMP\\htdocs\\...')
#11 C:\MAMP\htdocs\WP-Labb2-Martin\wp-includes\template.php(718): load_template('C:\\MAMP\\htdocs\\...', true, Array)
#12 C:\MAMP\htdocs\WP-Labb2-Martin\wp-includes\general-template.php(48): locate_template(Array, true, true, Array)
#13 C:\MAMP\htdocs\WP-Labb2-Martin\wp-content\themes\storefront\page.php(13): get_header()
#14 C:\MAMP\htdocs\WP-Labb2-Martin\wp-includes\template-loader.php(106): include('C:\\MAMP\\htdocs\\...')
#15 C:\MAMP\htdocs\WP-Labb2-Martin\wp-blog-header.php(19): require_once('C:\\MAMP\\htdocs\\...')
#16 C:\MAMP\htdocs\WP-Labb2-Martin\index.php(17): require('C:\\MAMP\\htdocs\\...')
#17 {main}
  thrown in C:\MAMP\htdocs\WP-Labb2-Martin\wp-includes\plugin.php on line 846

2023-04-19T17:18:22+00:00 CRITICAL Uncaught Error: Call to undefined function get_plugin_directory_uri() in C:\MAMP\htdocs\WP-Labb2-Martin\wp-content\plugins\martinj-news\martinj-news.php:9
Stack trace:
#0 C:\MAMP\htdocs\WP-Labb2-Martin\wp-includes\class-wp-hook.php(308): my_plugin_styles('')
#1 C:\MAMP\htdocs\WP-Labb2-Martin\wp-includes\class-wp-hook.php(332): WP_Hook->apply_filters(NULL, Array)
#2 C:\MAMP\htdocs\WP-Labb2-Martin\wp-includes\plugin.php(517): WP_Hook->do_action(Array)
#3 C:\MAMP\htdocs\WP-Labb2-Martin\wp-includes\script-loader.php(2194): do_action('wp_enqueue_scri...')
#4 C:\MAMP\htdocs\WP-Labb2-Martin\wp-includes\class-wp-hook.php(308): wp_enqueue_scripts('')
#5 C:\MAMP\htdocs\WP-Labb2-Martin\wp-includes\class-wp-hook.php(332): WP_Hook->apply_filters(NULL, Array)
#6 C:\MAMP\htdocs\WP-Labb2-Martin\wp-includes\plugin.php(517): WP_Hook->do_action(Array)
#7 C:\MAMP\htdocs\WP-Labb2-Martin\wp-includes\general-template.php(3049): do_action('wp_head')
#8 C:\MAMP\htdocs\WP-Labb2-Martin\wp-content\themes\storefront\header.php(18): wp_head()
#9 C:\MAMP\htdocs\WP-Labb2-Martin\wp-includes\template.php(783): require_once('C:\\MAMP\\htdocs\\...')
#10 C:\MAMP\htdocs\WP-Labb2-Martin\wp-includes\template.php(718): load_template('C:\\MAMP\\htdocs\\...', true, Array)
#11 C:\MAMP\htdocs\WP-Labb2-Martin\wp-includes\general-template.php(48): locate_template(Array, true, true, Array)
#12 C:\MAMP\htdocs\WP-Labb2-Martin\wp-content\themes\storefront\page.php(13): get_header()
#13 C:\MAMP\htdocs\WP-Labb2-Martin\wp-includes\template-loader.php(106): include('C:\\MAMP\\htdocs\\...')
#14 C:\MAMP\htdocs\WP-Labb2-Martin\wp-blog-header.php(19): require_once('C:\\MAMP\\htdocs\\...')
#15 C:\MAMP\htdocs\WP-Labb2-Martin\index.php(17): require('C:\\MAMP\\htdocs\\...')
#16 {main}
  thrown in C:\MAMP\htdocs\WP-Labb2-Martin\wp-content\plugins\martinj-news\martinj-news.php on line 9

2023-04-19T17:39:54+00:00 CRITICAL Uncaught ArgumentCountError: Too few arguments to function plugin_dir_path(), 0 passed in C:\MAMP\htdocs\WP-Labb2-Martin\wp-content\plugins\martinj-news\martinj-news.php on line 9 and exactly 1 expected in C:\MAMP\htdocs\WP-Labb2-Martin\wp-includes\plugin.php:834
Stack trace:
#0 C:\MAMP\htdocs\WP-Labb2-Martin\wp-content\plugins\martinj-news\martinj-news.php(9): plugin_dir_path()
#1 C:\MAMP\htdocs\WP-Labb2-Martin\wp-includes\class-wp-hook.php(308): my_plugin_styles('')
#2 C:\MAMP\htdocs\WP-Labb2-Martin\wp-includes\class-wp-hook.php(332): WP_Hook->apply_filters(NULL, Array)
#3 C:\MAMP\htdocs\WP-Labb2-Martin\wp-includes\plugin.php(517): WP_Hook->do_action(Array)
#4 C:\MAMP\htdocs\WP-Labb2-Martin\wp-includes\script-loader.php(2194): do_action('wp_enqueue_scri...')
#5 C:\MAMP\htdocs\WP-Labb2-Martin\wp-includes\class-wp-hook.php(308): wp_enqueue_scripts('')
#6 C:\MAMP\htdocs\WP-Labb2-Martin\wp-includes\class-wp-hook.php(332): WP_Hook->apply_filters(NULL, Array)
#7 C:\MAMP\htdocs\WP-Labb2-Martin\wp-includes\plugin.php(517): WP_Hook->do_action(Array)
#8 C:\MAMP\htdocs\WP-Labb2-Martin\wp-includes\general-template.php(3049): do_action('wp_head')
#9 C:\MAMP\htdocs\WP-Labb2-Martin\wp-content\themes\storefront\header.php(18): wp_head()
#10 C:\MAMP\htdocs\WP-Labb2-Martin\wp-includes\template.php(783): require_once('C:\\MAMP\\htdocs\\...')
#11 C:\MAMP\htdocs\WP-Labb2-Martin\wp-includes\template.php(718): load_template('C:\\MAMP\\htdocs\\...', true, Array)
#12 C:\MAMP\htdocs\WP-Labb2-Martin\wp-includes\general-template.php(48): locate_template(Array, true, true, Array)
#13 C:\MAMP\htdocs\WP-Labb2-Martin\wp-content\themes\storefront\page.php(13): get_header()
#14 C:\MAMP\htdocs\WP-Labb2-Martin\wp-includes\template-loader.php(106): include('C:\\MAMP\\htdocs\\...')
#15 C:\MAMP\htdocs\WP-Labb2-Martin\wp-blog-header.php(19): require_once('C:\\MAMP\\htdocs\\...')
#16 C:\MAMP\htdocs\WP-Labb2-Martin\index.php(17): require('C:\\MAMP\\htdocs\\...')
#17 {main}
  thrown in C:\MAMP\htdocs\WP-Labb2-Martin\wp-includes\plugin.php on line 834

